Arguments: 
  /home/qalac/.nvm/versions/node/v16.3.0/bin/node /usr/share/yarn/bin/yarn.js start

PATH: 
  /home/qalac/.nvm/versions/node/v16.3.0/bin:/home/qalac/.local/bin:/usr/local/bin:/usr/bin:/bin:/usr/local/games:/usr/games

Yarn version: 
  1.22.4

Node version: 
  16.3.0

Platform: 
  linux x64

Trace: 
  SyntaxError: /home/qalac/Documents/Projects/mikro/package.json: Unexpected token } in JSON at position 359
      at JSON.parse (<anonymous>)
      at /usr/share/yarn/lib/cli.js:1625:59
      at Generator.next (<anonymous>)
      at step (/usr/share/yarn/lib/cli.js:310:30)
      at /usr/share/yarn/lib/cli.js:321:13

npm manifest: 
  {
    "name": "mikro-backend-technical-test",
    "version": "1.0.0",
    "description": "Backend technical test",
    "main": "index.js",
    "repository": "https://github.com/Qalac/mikro-engineering.git",
    "author": "Qalac <officialqalac@gmail.com>",
    "license": "MIT",
    "scripts": {
      "start": "node index.js"
    },
    "dependencies": {
      "esm": "^3.2.25"
    },
  }

yarn manifest: 
  No manifest

Lockfile: 
  # THIS IS AN AUTOGENERATED FILE. DO NOT EDIT THIS FILE DIRECTLY.
  # yarn lockfile v1
  
  
  esm@^3.2.25:
    version "3.2.25"
    resolved "https://registry.yarnpkg.com/esm/-/esm-3.2.25.tgz#342c18c29d56157688ba5ce31f8431fbb795cc10"
    integrity sha512-U1suiZ2oDVWv4zPO56S0NcR5QriEahGtdN2OR6FiOG4WJvcjBVFB0qI4+eKoWFH483PKGuLuu6V8Z4T5g63UVA==
